2026-01-14 03:53:39,000 - INFO - Logging to: C:\Users\pakak\Desktop\Screen Helper\logs\crash_20260114_035338.log
2026-01-14 03:53:39,000 - INFO - Screen Helper starting...
2026-01-14 03:53:40,912 - INFO - Hotkey listener started
2026-01-14 03:53:57,764 - INFO - Hotkey listener stopped
2026-01-14 03:53:57,765 - ERROR - CRASH:
Traceback (most recent call last):
  File "C:\Users\pakak\Desktop\Screen Helper\app\main_window.py", line 436, in closeEvent
    self._exit_app()
    ~~~~~~~~~~~~~~^^
  File "C:\Users\pakak\Desktop\Screen Helper\app\main_window.py", line 428, in _exit_app
    self.drawing_overlay.close()
    ^^^^^^^^^^^^^^^^^^^^
AttributeError: 'MainWindow' object has no attribute 'drawing_overlay'
2026-01-14 04:00:23,696 - INFO - Hotkey listener stopped
2026-01-14 04:00:23,703 - ERROR - CRASH:
Traceback (most recent call last):
  File "C:\Users\pakak\Desktop\Screen Helper\app\main_window.py", line 428, in _exit_app
AttributeError: 'MainWindow' object has no attribute 'drawing_overlay'
2026-01-14 04:00:29,766 - INFO - Hotkey listener stopped
2026-01-14 04:00:29,767 - ERROR - CRASH:
Traceback (most recent call last):
  File "C:\Users\pakak\Desktop\Screen Helper\app\main_window.py", line 428, in _exit_app
AttributeError: 'MainWindow' object has no attribute 'drawing_overlay'
2026-01-14 04:00:36,522 - INFO - Hotkey listener stopped
2026-01-14 04:00:36,522 - ERROR - CRASH:
Traceback (most recent call last):
  File "C:\Users\pakak\Desktop\Screen Helper\app\main_window.py", line 428, in _exit_app
AttributeError: 'MainWindow' object has no attribute 'drawing_overlay'
2026-01-14 04:00:37,666 - INFO - Hotkey listener stopped
2026-01-14 04:00:37,667 - ERROR - CRASH:
Traceback (most recent call last):
  File "C:\Users\pakak\Desktop\Screen Helper\app\main_window.py", line 428, in _exit_app
AttributeError: 'MainWindow' object has no attribute 'drawing_overlay'
2026-01-14 04:00:38,984 - INFO - Hotkey listener stopped
2026-01-14 04:00:38,985 - ERROR - CRASH:
Traceback (most recent call last):
  File "C:\Users\pakak\Desktop\Screen Helper\app\main_window.py", line 428, in _exit_app
AttributeError: 'MainWindow' object has no attribute 'drawing_overlay'
2026-01-14 04:00:39,206 - INFO - Hotkey listener stopped
2026-01-14 04:00:39,206 - ERROR - CRASH:
Traceback (most recent call last):
  File "C:\Users\pakak\Desktop\Screen Helper\app\main_window.py", line 428, in _exit_app
AttributeError: 'MainWindow' object has no attribute 'drawing_overlay'
2026-01-14 04:00:39,408 - INFO - Hotkey listener stopped
2026-01-14 04:00:39,409 - ERROR - CRASH:
Traceback (most recent call last):
  File "C:\Users\pakak\Desktop\Screen Helper\app\main_window.py", line 428, in _exit_app
AttributeError: 'MainWindow' object has no attribute 'drawing_overlay'
2026-01-14 04:00:39,566 - INFO - Hotkey listener stopped
2026-01-14 04:00:39,567 - ERROR - CRASH:
Traceback (most recent call last):
  File "C:\Users\pakak\Desktop\Screen Helper\app\main_window.py", line 428, in _exit_app
AttributeError: 'MainWindow' object has no attribute 'drawing_overlay'
2026-01-14 04:00:39,737 - INFO - Hotkey listener stopped
2026-01-14 04:00:39,737 - ERROR - CRASH:
Traceback (most recent call last):
  File "C:\Users\pakak\Desktop\Screen Helper\app\main_window.py", line 428, in _exit_app
AttributeError: 'MainWindow' object has no attribute 'drawing_overlay'
2026-01-14 04:00:39,902 - INFO - Hotkey listener stopped
2026-01-14 04:00:39,902 - ERROR - CRASH:
Traceback (most recent call last):
  File "C:\Users\pakak\Desktop\Screen Helper\app\main_window.py", line 428, in _exit_app
AttributeError: 'MainWindow' object has no attribute 'drawing_overlay'
2026-01-14 04:00:40,071 - INFO - Hotkey listener stopped
2026-01-14 04:00:40,072 - ERROR - CRASH:
Traceback (most recent call last):
  File "C:\Users\pakak\Desktop\Screen Helper\app\main_window.py", line 428, in _exit_app
AttributeError: 'MainWindow' object has no attribute 'drawing_overlay'
2026-01-14 04:00:40,241 - INFO - Hotkey listener stopped
2026-01-14 04:00:40,242 - ERROR - CRASH:
Traceback (most recent call last):
  File "C:\Users\pakak\Desktop\Screen Helper\app\main_window.py", line 428, in _exit_app
AttributeError: 'MainWindow' object has no attribute 'drawing_overlay'
2026-01-14 04:00:40,418 - INFO - Hotkey listener stopped
2026-01-14 04:00:40,418 - ERROR - CRASH:
Traceback (most recent call last):
  File "C:\Users\pakak\Desktop\Screen Helper\app\main_window.py", line 428, in _exit_app
AttributeError: 'MainWindow' object has no attribute 'drawing_overlay'
2026-01-14 04:00:40,587 - INFO - Hotkey listener stopped
2026-01-14 04:00:40,587 - ERROR - CRASH:
Traceback (most recent call last):
  File "C:\Users\pakak\Desktop\Screen Helper\app\main_window.py", line 428, in _exit_app
AttributeError: 'MainWindow' object has no attribute 'drawing_overlay'
2026-01-14 04:00:40,773 - INFO - Hotkey listener stopped
2026-01-14 04:00:40,774 - ERROR - CRASH:
Traceback (most recent call last):
  File "C:\Users\pakak\Desktop\Screen Helper\app\main_window.py", line 428, in _exit_app
AttributeError: 'MainWindow' object has no attribute 'drawing_overlay'
2026-01-14 04:00:40,962 - INFO - Hotkey listener stopped
2026-01-14 04:00:40,963 - ERROR - CRASH:
Traceback (most recent call last):
  File "C:\Users\pakak\Desktop\Screen Helper\app\main_window.py", line 428, in _exit_app
AttributeError: 'MainWindow' object has no attribute 'drawing_overlay'
2026-01-14 04:00:41,144 - INFO - Hotkey listener stopped
2026-01-14 04:00:41,144 - ERROR - CRASH:
Traceback (most recent call last):
  File "C:\Users\pakak\Desktop\Screen Helper\app\main_window.py", line 428, in _exit_app
AttributeError: 'MainWindow' object has no attribute 'drawing_overlay'
2026-01-14 04:00:41,373 - INFO - Hotkey listener stopped
2026-01-14 04:00:41,374 - ERROR - CRASH:
Traceback (most recent call last):
  File "C:\Users\pakak\Desktop\Screen Helper\app\main_window.py", line 428, in _exit_app
AttributeError: 'MainWindow' object has no attribute 'drawing_overlay'
2026-01-14 04:00:48,767 - INFO - Hotkey listener stopped
2026-01-14 04:00:48,767 - ERROR - CRASH:
Traceback (most recent call last):
  File "C:\Users\pakak\Desktop\Screen Helper\app\main_window.py", line 428, in _exit_app
AttributeError: 'MainWindow' object has no attribute 'drawing_overlay'
2026-01-14 04:00:48,983 - INFO - Hotkey listener stopped
2026-01-14 04:00:48,984 - ERROR - CRASH:
Traceback (most recent call last):
  File "C:\Users\pakak\Desktop\Screen Helper\app\main_window.py", line 428, in _exit_app
AttributeError: 'MainWindow' object has no attribute 'drawing_overlay'
2026-01-14 04:00:49,176 - INFO - Hotkey listener stopped
2026-01-14 04:00:49,177 - ERROR - CRASH:
Traceback (most recent call last):
  File "C:\Users\pakak\Desktop\Screen Helper\app\main_window.py", line 428, in _exit_app
AttributeError: 'MainWindow' object has no attribute 'drawing_overlay'
2026-01-14 04:00:49,337 - INFO - Hotkey listener stopped
2026-01-14 04:00:49,338 - ERROR - CRASH:
Traceback (most recent call last):
  File "C:\Users\pakak\Desktop\Screen Helper\app\main_window.py", line 428, in _exit_app
AttributeError: 'MainWindow' object has no attribute 'drawing_overlay'
2026-01-14 04:00:52,291 - INFO - Hotkey listener stopped
2026-01-14 04:00:52,292 - ERROR - CRASH:
Traceback (most recent call last):
  File "C:\Users\pakak\Desktop\Screen Helper\app\main_window.py", line 428, in _exit_app
AttributeError: 'MainWindow' object has no attribute 'drawing_overlay'
2026-01-14 04:00:52,482 - INFO - Hotkey listener stopped
2026-01-14 04:00:52,482 - ERROR - CRASH:
Traceback (most recent call last):
  File "C:\Users\pakak\Desktop\Screen Helper\app\main_window.py", line 428, in _exit_app
AttributeError: 'MainWindow' object has no attribute 'drawing_overlay'
2026-01-14 04:00:52,651 - INFO - Hotkey listener stopped
2026-01-14 04:00:52,652 - ERROR - CRASH:
Traceback (most recent call last):
  File "C:\Users\pakak\Desktop\Screen Helper\app\main_window.py", line 428, in _exit_app
AttributeError: 'MainWindow' object has no attribute 'drawing_overlay'
2026-01-14 04:00:52,820 - INFO - Hotkey listener stopped
2026-01-14 04:00:52,821 - ERROR - CRASH:
Traceback (most recent call last):
  File "C:\Users\pakak\Desktop\Screen Helper\app\main_window.py", line 428, in _exit_app
AttributeError: 'MainWindow' object has no attribute 'drawing_overlay'
2026-01-14 04:00:53,000 - INFO - Hotkey listener stopped
2026-01-14 04:00:53,000 - ERROR - CRASH:
Traceback (most recent call last):
  File "C:\Users\pakak\Desktop\Screen Helper\app\main_window.py", line 428, in _exit_app
AttributeError: 'MainWindow' object has no attribute 'drawing_overlay'
2026-01-14 04:01:10,165 - INFO - Hotkey listener stopped
2026-01-14 04:01:10,165 - ERROR - CRASH:
Traceback (most recent call last):
  File "C:\Users\pakak\Desktop\Screen Helper\app\main_window.py", line 428, in _exit_app
AttributeError: 'MainWindow' object has no attribute 'drawing_overlay'
2026-01-14 04:01:39,352 - INFO - Hotkey listener stopped
2026-01-14 04:01:39,353 - ERROR - CRASH:
Traceback (most recent call last):
  File "C:\Users\pakak\Desktop\Screen Helper\app\main_window.py", line 428, in _exit_app
AttributeError: 'MainWindow' object has no attribute 'drawing_overlay'
2026-01-14 04:02:16,013 - INFO - Hotkey listener stopped
2026-01-14 04:02:16,014 - ERROR - CRASH:
Traceback (most recent call last):
  File "C:\Users\pakak\Desktop\Screen Helper\app\main_window.py", line 428, in _exit_app
AttributeError: 'MainWindow' object has no attribute 'drawing_overlay'
2026-01-14 04:02:24,919 - INFO - Hotkey listener stopped
2026-01-14 04:02:24,919 - ERROR - CRASH:
Traceback (most recent call last):
  File "C:\Users\pakak\Desktop\Screen Helper\app\main_window.py", line 428, in _exit_app
AttributeError: 'MainWindow' object has no attribute 'drawing_overlay'
